{"/Users/samaad/basic-express-server/src/server.js": {"path":"/Users/samaad/basic-express-server/src/server.js","statementMap":{"0":{"start":{"line":3,"column":16},"end":{"line":3,"column":34}},"1":{"start":{"line":4,"column":13},"end":{"line":4,"column":28}},"2":{"start":{"line":5,"column":12},"end":{"line":5,"column":21}},"3":{"start":{"line":6,"column":15},"end":{"line":6,"column":45}},"4":{"start":{"line":7,"column":18},"end":{"line":7,"column":51}},"5":{"start":{"line":8,"column":23},"end":{"line":8,"column":54}},"6":{"start":{"line":9,"column":23},"end":{"line":9,"column":54}},"7":{"start":{"line":12,"column":0},"end":{"line":12,"column":16}},"8":{"start":{"line":13,"column":0},"end":{"line":13,"column":24}},"9":{"start":{"line":14,"column":0},"end":{"line":14,"column":16}},"10":{"start":{"line":19,"column":0},"end":{"line":22,"column":3}},"11":{"start":{"line":20,"column":15},"end":{"line":20,"column":29}},"12":{"start":{"line":21,"column":2},"end":{"line":21,"column":21}},"13":{"start":{"line":25,"column":0},"end":{"line":32,"column":2}},"14":{"start":{"line":28,"column":4},"end":{"line":30,"column":7}},"15":{"start":{"line":29,"column":6},"end":{"line":29,"column":56}}},"fnMap":{"0":{"name":"(anonymous_0)","decl":{"start":{"line":19,"column":30},"end":{"line":19,"column":31}},"loc":{"start":{"line":19,"column":44},"end":{"line":22,"column":1}},"line":19},"1":{"name":"(anonymous_1)","decl":{"start":{"line":27,"column":9},"end":{"line":27,"column":10}},"loc":{"start":{"line":27,"column":19},"end":{"line":31,"column":3}},"line":27},"2":{"name":"(anonymous_2)","decl":{"start":{"line":28,"column":21},"end":{"line":28,"column":22}},"loc":{"start":{"line":28,"column":27},"end":{"line":30,"column":5}},"line":28}},"branchMap":{},"s":{"0":1,"1":1,"2":1,"3":1,"4":1,"5":1,"6":1,"7":1,"8":1,"9":1,"10":1,"11":2,"12":2,"13":1,"14":0,"15":0},"f":{"0":2,"1":0,"2":0},"b":{},"_coverageSchema":"1a1c01bbd47fc00a2c39e90264f33305004495a9","hash":"2a5c0cbc5065879f5de749295494799b61d7703f"}
,"/Users/samaad/basic-express-server/src/error-handlers/404.js": {"path":"/Users/samaad/basic-express-server/src/error-handlers/404.js","statementMap":{"0":{"start":{"line":3,"column":23},"end":{"line":6,"column":1}},"1":{"start":{"line":4,"column":2},"end":{"line":4,"column":42}},"2":{"start":{"line":8,"column":0},"end":{"line":8,"column":32}}},"fnMap":{"0":{"name":"(anonymous_0)","decl":{"start":{"line":3,"column":23},"end":{"line":3,"column":24}},"loc":{"start":{"line":3,"column":37},"end":{"line":6,"column":1}},"line":3}},"branchMap":{},"s":{"0":1,"1":0,"2":1},"f":{"0":0},"b":{},"_coverageSchema":"1a1c01bbd47fc00a2c39e90264f33305004495a9","hash":"bc8958dd56aa72b5038724ec83e1321403bba788"}
,"/Users/samaad/basic-express-server/src/error-handlers/500.js": {"path":"/Users/samaad/basic-express-server/src/error-handlers/500.js","statementMap":{"0":{"start":{"line":1,"column":23},"end":{"line":3,"column":1}},"1":{"start":{"line":2,"column":4},"end":{"line":2,"column":47}},"2":{"start":{"line":5,"column":0},"end":{"line":5,"column":32}}},"fnMap":{"0":{"name":"(anonymous_0)","decl":{"start":{"line":1,"column":23},"end":{"line":1,"column":24}},"loc":{"start":{"line":1,"column":36},"end":{"line":3,"column":1}},"line":1}},"branchMap":{},"s":{"0":1,"1":0,"2":1},"f":{"0":0},"b":{},"_coverageSchema":"1a1c01bbd47fc00a2c39e90264f33305004495a9","hash":"e7d47ea1a01846c20c60963d2fdfac570c47100f"}
,"/Users/samaad/basic-express-server/src/middleware/logger.js": {"path":"/Users/samaad/basic-express-server/src/middleware/logger.js","statementMap":{"0":{"start":{"line":1,"column":15},"end":{"line":5,"column":3}},"1":{"start":{"line":2,"column":4},"end":{"line":2,"column":49}},"2":{"start":{"line":3,"column":4},"end":{"line":3,"column":45}},"3":{"start":{"line":4,"column":4},"end":{"line":4,"column":11}},"4":{"start":{"line":7,"column":2},"end":{"line":7,"column":26}}},"fnMap":{"0":{"name":"(anonymous_0)","decl":{"start":{"line":1,"column":15},"end":{"line":1,"column":16}},"loc":{"start":{"line":1,"column":36},"end":{"line":5,"column":3}},"line":1}},"branchMap":{},"s":{"0":1,"1":6,"2":6,"3":6,"4":1},"f":{"0":6},"b":{},"_coverageSchema":"1a1c01bbd47fc00a2c39e90264f33305004495a9","hash":"0243f1556cee61038cc3285f33e5f7fe21417f2d"}
,"/Users/samaad/basic-express-server/src/middleware/validator.js": {"path":"/Users/samaad/basic-express-server/src/middleware/validator.js","statementMap":{"0":{"start":{"line":2,"column":18},"end":{"line":12,"column":3}},"1":{"start":{"line":3,"column":2},"end":{"line":3,"column":31}},"2":{"start":{"line":4,"column":17},"end":{"line":4,"column":31}},"3":{"start":{"line":6,"column":4},"end":{"line":8,"column":5}},"4":{"start":{"line":7,"column":6},"end":{"line":7,"column":74}},"5":{"start":{"line":11,"column":4},"end":{"line":11,"column":11}},"6":{"start":{"line":14,"column":2},"end":{"line":14,"column":29}}},"fnMap":{"0":{"name":"(anonymous_0)","decl":{"start":{"line":2,"column":18},"end":{"line":2,"column":19}},"loc":{"start":{"line":2,"column":38},"end":{"line":12,"column":3}},"line":2}},"branchMap":{"0":{"loc":{"start":{"line":6,"column":4},"end":{"line":8,"column":5}},"type":"if","locations":[{"start":{"line":6,"column":4},"end":{"line":8,"column":5}},{"start":{},"end":{}}],"line":6}},"s":{"0":1,"1":4,"2":4,"3":4,"4":2,"5":2,"6":1},"f":{"0":4},"b":{"0":[2,2]},"_coverageSchema":"1a1c01bbd47fc00a2c39e90264f33305004495a9","hash":"8ef1996801ac018add1befd71dfce3034b9d5472"}
}
